This file contains any messages produced by compilers while
running configure, to aid debugging if configure makes a mistake.

It was created by inly configure 1.0, which was
generated by GNU Autoconf 2.63.  Invocation command line was

  $ ./configure 

## --------- ##
## Platform. ##
## --------- ##

hostname = localhost.localdomain
uname -m = x86_64
uname -r = 2.6.32-220.el6.x86_64
uname -s = Linux
uname -v = #1 SMP Tue Dec 6 19:48:22 GMT 2011

/usr/bin/uname -p = unknown
/bin/uname -X     = unknown

/bin/arch              = x86_64
/usr/bin/arch -k       = unknown
/usr/convex/getsysinfo = unknown
/usr/bin/hostinfo      = unknown
/bin/machine           = unknown
/usr/bin/oslevel       = unknown
/bin/universe          = unknown

PATH: /usr/lib64/qt-3.3/bin
PATH: /usr/local/sbin
PATH: /usr/local/bin
PATH: /sbin
PATH: /bin
PATH: /usr/sbin
PATH: /usr/bin
PATH: /root/bin


## ----------- ##
## Core tests. ##
## ----------- ##

configure:2090: checking for a BSD-compatible install
configure:2158: result: /usr/bin/install -c
configure:2169: checking whether build environment is sane
configure:2229: result: yes
configure:2370: checking for a thread-safe mkdir -p
configure:2409: result: /bin/mkdir -p
configure:2422: checking for gawk
configure:2438: found /bin/gawk
configure:2449: result: gawk
configure:2460: checking whether make sets $(MAKE)
configure:2482: result: yes
configure:2624: checking for g++
configure:2640: found /usr/bin/g++
configure:2651: result: g++
configure:2678: checking for C++ compiler version
configure:2686: g++ --version >&5
g++ (GCC) 4.4.6 20110731 (Red Hat 4.4.6-3)
Copyright (C) 2010 Free Software Foundation, Inc.
This is free software; see the source for copying conditions.  There is NO
warranty; not even for MERCHANTABILITY or FITNESS FOR A PARTICULAR PURPOSE.

configure:2690: $? = 0
configure:2697: g++ -v >&5
Using built-in specs.
Target: x86_64-redhat-linux
Configured with: ../configure --prefix=/usr --mandir=/usr/share/man --infodir=/usr/share/info --with-bugurl=http://bugzilla.redhat.com/bugzilla --enable-bootstrap --enable-shared --enable-threads=posix --enable-checking=release --with-system-zlib --enable-__cxa_atexit --disable-libunwind-exceptions --enable-gnu-unique-object --enable-languages=c,c++,objc,obj-c++,java,fortran,ada --enable-java-awt=gtk --disable-dssi --with-java-home=/usr/lib/jvm/java-1.5.0-gcj-1.5.0.0/jre --enable-libgcj-multifile --enable-java-maintainer-mode --with-ecj-jar=/usr/share/java/eclipse-ecj.jar --disable-libjava-multilib --with-ppl --with-cloog --with-tune=generic --with-arch_32=i686 --build=x86_64-redhat-linux
Thread model: posix
gcc version 4.4.6 20110731 (Red Hat 4.4.6-3) (GCC) 
configure:2701: $? = 0
configure:2708: g++ -V >&5
g++: '-V' option must have argument
configure:2712: $? = 1
configure:2735: checking for C++ compiler default output file name
configure:2757: g++    conftest.cpp  >&5
configure:2761: $? = 0
configure:2799: result: a.out
configure:2818: checking whether the C++ compiler works
configure:2828: ./a.out
configure:2832: $? = 0
configure:2851: result: yes
configure:2858: checking whether we are cross compiling
configure:2860: result: no
configure:2863: checking for suffix of executables
configure:2870: g++ -o conftest    conftest.cpp  >&5
configure:2874: $? = 0
configure:2900: result: 
configure:2906: checking for suffix of object files
configure:2932: g++ -c   conftest.cpp >&5
configure:2936: $? = 0
configure:2961: result: o
configure:2965: checking whether we are using the GNU C++ compiler
configure:2994: g++ -c   conftest.cpp >&5
configure:3001: $? = 0
configure:3018: result: yes
configure:3027: checking whether g++ accepts -g
configure:3057: g++ -c -g  conftest.cpp >&5
configure:3064: $? = 0
configure:3165: result: yes
configure:3199: checking for style of include used by make
configure:3227: result: GNU
configure:3252: checking dependency style of g++
configure:3362: result: gcc3
configure:3425: checking for gcc
configure:3441: found /usr/bin/gcc
configure:3452: result: gcc
configure:3684: checking for C compiler version
configure:3692: gcc --version >&5
gcc (GCC) 4.4.6 20110731 (Red Hat 4.4.6-3)
Copyright (C) 2010 Free Software Foundation, Inc.
This is free software; see the source for copying conditions.  There is NO
warranty; not even for MERCHANTABILITY or FITNESS FOR A PARTICULAR PURPOSE.

configure:3696: $? = 0
configure:3703: gcc -v >&5
Using built-in specs.
Target: x86_64-redhat-linux
Configured with: ../configure --prefix=/usr --mandir=/usr/share/man --infodir=/usr/share/info --with-bugurl=http://bugzilla.redhat.com/bugzilla --enable-bootstrap --enable-shared --enable-threads=posix --enable-checking=release --with-system-zlib --enable-__cxa_atexit --disable-libunwind-exceptions --enable-gnu-unique-object --enable-languages=c,c++,objc,obj-c++,java,fortran,ada --enable-java-awt=gtk --disable-dssi --with-java-home=/usr/lib/jvm/java-1.5.0-gcj-1.5.0.0/jre --enable-libgcj-multifile --enable-java-maintainer-mode --with-ecj-jar=/usr/share/java/eclipse-ecj.jar --disable-libjava-multilib --with-ppl --with-cloog --with-tune=generic --with-arch_32=i686 --build=x86_64-redhat-linux
Thread model: posix
gcc version 4.4.6 20110731 (Red Hat 4.4.6-3) (GCC) 
configure:3707: $? = 0
configure:3714: gcc -V >&5
gcc: '-V' option must have argument
configure:3718: $? = 1
configure:3721: checking whether we are using the GNU C compiler
configure:3750: gcc -c   conftest.c >&5
configure:3757: $? = 0
configure:3774: result: yes
configure:3783: checking whether gcc accepts -g
configure:3813: gcc -c -g  conftest.c >&5
configure:3820: $? = 0
configure:3921: result: yes
configure:3938: checking for gcc option to accept ISO C89
configure:4012: gcc  -c -g -O2  conftest.c >&5
configure:4019: $? = 0
configure:4042: result: none needed
configure:4062: checking dependency style of gcc
configure:4172: result: gcc3
configure:4219: checking build system type
configure:4237: result: x86_64-unknown-linux-gnu
configure:4259: checking host system type
configure:4274: result: x86_64-unknown-linux-gnu
configure:4296: checking for a sed that does not truncate output
configure:4362: result: /bin/sed
configure:4380: checking for grep that handles long lines and -e
configure:4440: result: /bin/grep
configure:4445: checking for egrep
configure:4509: result: /bin/grep -E
configure:4514: checking for fgrep
configure:4578: result: /bin/grep -F
configure:4613: checking for ld used by gcc
configure:4680: result: /usr/bin/ld
configure:4689: checking if the linker (/usr/bin/ld) is GNU ld
configure:4704: result: yes
configure:4716: checking for BSD- or MS-compatible name lister (nm)
configure:4765: result: /usr/bin/nm -B
configure:4883: checking the name lister (/usr/bin/nm -B) interface
configure:4890: gcc -c -g -O2  conftest.c >&5
configure:4893: /usr/bin/nm -B "conftest.o"
configure:4896: output
0000000000000000 B some_variable
configure:4903: result: BSD nm
configure:4906: checking whether ln -s works
configure:4910: result: yes
configure:4918: checking the maximum length of command line arguments
configure:5038: result: 1966080
configure:5055: checking whether the shell understands some XSI constructs
configure:5065: result: yes
configure:5069: checking whether the shell understands "+="
configure:5075: result: yes
configure:5110: checking for /usr/bin/ld option to reload object files
configure:5117: result: -r
configure:5186: checking for objdump
configure:5202: found /usr/bin/objdump
configure:5213: result: objdump
configure:5245: checking how to recognize dependent libraries
configure:5441: result: pass_all
configure:5501: checking for ar
configure:5517: found /usr/bin/ar
configure:5528: result: ar
configure:5606: checking for strip
configure:5622: found /usr/bin/strip
configure:5633: result: strip
configure:5705: checking for ranlib
configure:5721: found /usr/bin/ranlib
configure:5732: result: ranlib
configure:5822: checking command to parse /usr/bin/nm -B output from gcc object
configure:5940: gcc -c -g -O2  conftest.c >&5
configure:5943: $? = 0
configure:5947: /usr/bin/nm -B conftest.o \| sed -n -e 's/^.*[	 ]\([ABCDGIRSTW][ABCDGIRSTW]*\)[	 ][	 ]*\([_A-Za-z][_A-Za-z0-9]*\)$/\1 \2 \2/p' \> conftest.nm
configure:5950: $? = 0
configure:6004: gcc -o conftest -g -O2   conftest.c conftstm.o >&5
configure:6007: $? = 0
configure:6045: result: ok
configure:6141: gcc -c -g -O2  conftest.c >&5
configure:6144: $? = 0
configure:6912: checking how to run the C preprocessor
configure:6952: gcc -E  conftest.c
configure:6959: $? = 0
configure:6990: gcc -E  conftest.c
conftest.c:10:28: error: ac_nonexistent.h: No such file or directory
configure:6997: $? = 1
configure: failed program was:
| /* confdefs.h.  */
| #define PACKAGE_NAME "inly"
| #define PACKAGE_TARNAME "inly"
| #define PACKAGE_VERSION "1.0"
| #define PACKAGE_STRING "inly 1.0"
| #define PACKAGE_BUGREPORT "dano306@qq.com"
| #define PACKAGE "inly"
| #define VERSION "1.0"
| /* end confdefs.h.  */
| #include <ac_nonexistent.h>
configure:7030: result: gcc -E
configure:7059: gcc -E  conftest.c
configure:7066: $? = 0
configure:7097: gcc -E  conftest.c
conftest.c:10:28: error: ac_nonexistent.h: No such file or directory
configure:7104: $? = 1
configure: failed program was:
| /* confdefs.h.  */
| #define PACKAGE_NAME "inly"
| #define PACKAGE_TARNAME "inly"
| #define PACKAGE_VERSION "1.0"
| #define PACKAGE_STRING "inly 1.0"
| #define PACKAGE_BUGREPORT "dano306@qq.com"
| #define PACKAGE "inly"
| #define VERSION "1.0"
| /* end confdefs.h.  */
| #include <ac_nonexistent.h>
configure:7144: checking for ANSI C header files
configure:7174: gcc -c -g -O2  conftest.c >&5
configure:7181: $? = 0
configure:7280: gcc -o conftest -g -O2   conftest.c  >&5
configure:7284: $? = 0
configure:7290: ./conftest
configure:7294: $? = 0
configure:7312: result: yes
configure:7336: checking for sys/types.h
configure:7357: gcc -c -g -O2  conftest.c >&5
configure:7364: $? = 0
configure:7381: result: yes
configure:7336: checking for sys/stat.h
configure:7357: gcc -c -g -O2  conftest.c >&5
configure:7364: $? = 0
configure:7381: result: yes
configure:7336: checking for stdlib.h
configure:7357: gcc -c -g -O2  conftest.c >&5
configure:7364: $? = 0
configure:7381: result: yes
configure:7336: checking for string.h
configure:7357: gcc -c -g -O2  conftest.c >&5
configure:7364: $? = 0
configure:7381: result: yes
configure:7336: checking for memory.h
configure:7357: gcc -c -g -O2  conftest.c >&5
configure:7364: $? = 0
configure:7381: result: yes
configure:7336: checking for strings.h
configure:7357: gcc -c -g -O2  conftest.c >&5
configure:7364: $? = 0
configure:7381: result: yes
configure:7336: checking for inttypes.h
configure:7357: gcc -c -g -O2  conftest.c >&5
configure:7364: $? = 0
configure:7381: result: yes
configure:7336: checking for stdint.h
configure:7357: gcc -c -g -O2  conftest.c >&5
configure:7364: $? = 0
configure:7381: result: yes
configure:7336: checking for unistd.h
configure:7357: gcc -c -g -O2  conftest.c >&5
configure:7364: $? = 0
configure:7381: result: yes
configure:7399: checking for dlfcn.h
configure:7420: gcc -c -g -O2  conftest.c >&5
configure:7427: $? = 0
configure:7444: result: yes
configure:7571: checking for C++ compiler version
configure:7579: g++ --version >&5
g++ (GCC) 4.4.6 20110731 (Red Hat 4.4.6-3)
Copyright (C) 2010 Free Software Foundation, Inc.
This is free software; see the source for copying conditions.  There is NO
warranty; not even for MERCHANTABILITY or FITNESS FOR A PARTICULAR PURPOSE.

configure:7583: $? = 0
configure:7590: g++ -v >&5
Using built-in specs.
Target: x86_64-redhat-linux
Configured with: ../configure --prefix=/usr --mandir=/usr/share/man --infodir=/usr/share/info --with-bugurl=http://bugzilla.redhat.com/bugzilla --enable-bootstrap --enable-shared --enable-threads=posix --enable-checking=release --with-system-zlib --enable-__cxa_atexit --disable-libunwind-exceptions --enable-gnu-unique-object --enable-languages=c,c++,objc,obj-c++,java,fortran,ada --enable-java-awt=gtk --disable-dssi --with-java-home=/usr/lib/jvm/java-1.5.0-gcj-1.5.0.0/jre --enable-libgcj-multifile --enable-java-maintainer-mode --with-ecj-jar=/usr/share/java/eclipse-ecj.jar --disable-libjava-multilib --with-ppl --with-cloog --with-tune=generic --with-arch_32=i686 --build=x86_64-redhat-linux
Thread model: posix
gcc version 4.4.6 20110731 (Red Hat 4.4.6-3) (GCC) 
configure:7594: $? = 0
configure:7601: g++ -V >&5
g++: '-V' option must have argument
configure:7605: $? = 1
configure:7608: checking whether we are using the GNU C++ compiler
configure:7661: result: yes
configure:7670: checking whether g++ accepts -g
configure:7808: result: yes
configure:7833: checking dependency style of g++
configure:7943: result: gcc3
configure:7966: checking how to run the C++ preprocessor
configure:8002: g++ -E  conftest.cpp
configure:8009: $? = 0
configure:8040: g++ -E  conftest.cpp
conftest.cpp:21:28: error: ac_nonexistent.h: No such file or directory
configure:8047: $? = 1
configure: failed program was:
| /* confdefs.h.  */
| #define PACKAGE_NAME "inly"
| #define PACKAGE_TARNAME "inly"
| #define PACKAGE_VERSION "1.0"
| #define PACKAGE_STRING "inly 1.0"
| #define PACKAGE_BUGREPORT "dano306@qq.com"
| #define PACKAGE "inly"
| #define VERSION "1.0"
| #define STDC_HEADERS 1
| #define HAVE_SYS_TYPES_H 1
| #define HAVE_SYS_STAT_H 1
| #define HAVE_STDLIB_H 1
| #define HAVE_STRING_H 1
| #define HAVE_MEMORY_H 1
| #define HAVE_STRINGS_H 1
| #define HAVE_INTTYPES_H 1
| #define HAVE_STDINT_H 1
| #define HAVE_UNISTD_H 1
| #define HAVE_DLFCN_H 1
| /* end confdefs.h.  */
| #include <ac_nonexistent.h>
configure:8080: result: g++ -E
configure:8109: g++ -E  conftest.cpp
configure:8116: $? = 0
configure:8147: g++ -E  conftest.cpp
conftest.cpp:21:28: error: ac_nonexistent.h: No such file or directory
configure:8154: $? = 1
configure: failed program was:
| /* confdefs.h.  */
| #define PACKAGE_NAME "inly"
| #define PACKAGE_TARNAME "inly"
| #define PACKAGE_VERSION "1.0"
| #define PACKAGE_STRING "inly 1.0"
| #define PACKAGE_BUGREPORT "dano306@qq.com"
| #define PACKAGE "inly"
| #define VERSION "1.0"
| #define STDC_HEADERS 1
| #define HAVE_SYS_TYPES_H 1
| #define HAVE_SYS_STAT_H 1
| #define HAVE_STDLIB_H 1
| #define HAVE_STRING_H 1
| #define HAVE_MEMORY_H 1
| #define HAVE_STRINGS_H 1
| #define HAVE_INTTYPES_H 1
| #define HAVE_STDINT_H 1
| #define HAVE_UNISTD_H 1
| #define HAVE_DLFCN_H 1
| /* end confdefs.h.  */
| #include <ac_nonexistent.h>
configure:8368: checking for objdir
configure:8383: result: .libs
configure:8675: checking if gcc supports -fno-rtti -fno-exceptions
configure:8693: gcc -c -g -O2  -fno-rtti -fno-exceptions conftest.c >&5
cc1: warning: command line option "-fno-rtti" is valid for C++/ObjC++ but not for C
configure:8697: $? = 0
configure:8710: result: no
configure:8730: checking for gcc option to produce PIC
configure:9002: result: -fPIC -DPIC
configure:9014: checking if gcc PIC flag -fPIC -DPIC works
configure:9032: gcc -c -g -O2  -fPIC -DPIC -DPIC conftest.c >&5
configure:9036: $? = 0
configure:9049: result: yes
configure:9073: checking if gcc static flag -static works
configure:9101: result: no
configure:9116: checking if gcc supports -c -o file.o
configure:9137: gcc -c -g -O2  -o out/conftest2.o conftest.c >&5
configure:9141: $? = 0
configure:9163: result: yes
configure:9171: checking if gcc supports -c -o file.o
configure:9218: result: yes
configure:9251: checking whether the gcc linker (/usr/bin/ld -m elf_x86_64) supports shared libraries
configure:10325: result: yes
configure:10362: checking whether -lc should be explicitly linked in
configure:10367: gcc -c -g -O2  conftest.c >&5
configure:10370: $? = 0
configure:10385: gcc -shared conftest.o  -v -Wl,-soname -Wl,conftest -o conftest 2\>\&1 \| /bin/grep  -lc  \>/dev/null 2\>\&1
configure:10388: $? = 0
configure:10400: result: no
configure:10564: checking dynamic linker characteristics
configure:11007: gcc -o conftest -g -O2   -Wl,-rpath -Wl,/foo conftest.c  >&5
configure:11014: $? = 0
configure:11250: result: GNU/Linux ld.so
configure:11352: checking how to hardcode library paths into programs
configure:11377: result: immediate
configure:12210: checking whether stripping libraries is possible
configure:12215: result: yes
configure:12250: checking if libtool supports shared libraries
configure:12252: result: yes
configure:12255: checking whether to build shared libraries
configure:12276: result: yes
configure:12279: checking whether to build static libraries
configure:12283: result: yes
configure:12433: checking for ld used by g++
configure:12500: result: /usr/bin/ld -m elf_x86_64
configure:12509: checking if the linker (/usr/bin/ld -m elf_x86_64) is GNU ld
configure:12524: result: yes
configure:12579: checking whether the g++ linker (/usr/bin/ld -m elf_x86_64) supports shared libraries
configure:13554: result: yes
configure:13582: g++ -c -g -O2  conftest.cpp >&5
configure:13585: $? = 0
configure:13767: checking for g++ option to produce PIC
configure:14084: result: -fPIC -DPIC
configure:14093: checking if g++ PIC flag -fPIC -DPIC works
configure:14111: g++ -c -g -O2  -fPIC -DPIC -DPIC conftest.cpp >&5
configure:14115: $? = 0
configure:14128: result: yes
configure:14149: checking if g++ static flag -static works
configure:14177: result: no
configure:14189: checking if g++ supports -c -o file.o
configure:14210: g++ -c -g -O2  -o out/conftest2.o conftest.cpp >&5
configure:14214: $? = 0
configure:14236: result: yes
configure:14241: checking if g++ supports -c -o file.o
configure:14288: result: yes
configure:14318: checking whether the g++ linker (/usr/bin/ld -m elf_x86_64) supports shared libraries
configure:14344: result: yes
configure:14481: checking dynamic linker characteristics
configure:14872: g++ -o conftest -g -O2   -Wl,-rpath -Wl,/foo conftest.cpp  >&5
configure:14879: $? = 0
configure:15115: result: GNU/Linux ld.so
configure:15166: checking how to hardcode library paths into programs
configure:15191: result: immediate
configure:15255: checking for stdbool.h that conforms to C99
configure:15350: gcc -c -g -O2  conftest.c >&5
configure:15357: $? = 0
configure:15372: result: yes
configure:15374: checking for _Bool
configure:15402: gcc -c -g -O2  conftest.c >&5
configure:15409: $? = 0
configure:15436: gcc -c -g -O2  conftest.c >&5
conftest.c: In function 'main':
conftest.c:58: error: expected expression before ')' token
configure:15443: $? = 1
configure: failed program was:
| /* confdefs.h.  */
| #define PACKAGE_NAME "inly"
| #define PACKAGE_TARNAME "inly"
| #define PACKAGE_VERSION "1.0"
| #define PACKAGE_STRING "inly 1.0"
| #define PACKAGE_BUGREPORT "dano306@qq.com"
| #define PACKAGE "inly"
| #define VERSION "1.0"
| #define STDC_HEADERS 1
| #define HAVE_SYS_TYPES_H 1
| #define HAVE_SYS_STAT_H 1
| #define HAVE_STDLIB_H 1
| #define HAVE_STRING_H 1
| #define HAVE_MEMORY_H 1
| #define HAVE_STRINGS_H 1
| #define HAVE_INTTYPES_H 1
| #define HAVE_STDINT_H 1
| #define HAVE_UNISTD_H 1
| #define HAVE_DLFCN_H 1
| #define LT_OBJDIR ".libs/"
| /* end confdefs.h.  */
| #include <stdio.h>
| #ifdef HAVE_SYS_TYPES_H
| # include <sys/types.h>
| #endif
| #ifdef HAVE_SYS_STAT_H
| # include <sys/stat.h>
| #endif
| #ifdef STDC_HEADERS
| # include <stdlib.h>
| # include <stddef.h>
| #else
| # ifdef HAVE_STDLIB_H
| #  include <stdlib.h>
| # endif
| #endif
| #ifdef HAVE_STRING_H
| # if !defined STDC_HEADERS && defined HAVE_MEMORY_H
| #  include <memory.h>
| # endif
| # include <string.h>
| #endif
| #ifdef HAVE_STRINGS_H
| # include <strings.h>
| #endif
| #ifdef HAVE_INTTYPES_H
| # include <inttypes.h>
| #endif
| #ifdef HAVE_STDINT_H
| # include <stdint.h>
| #endif
| #ifdef HAVE_UNISTD_H
| # include <unistd.h>
| #endif
| int
| main ()
| {
| if (sizeof ((_Bool)))
| 	  return 0;
|   ;
|   return 0;
| }
configure:15466: result: yes
configure:15628: creating ./config.status

## ---------------------- ##
## Running config.status. ##
## ---------------------- ##

This file was extended by inly config.status 1.0, which was
generated by GNU Autoconf 2.63.  Invocation command line was

  CONFIG_FILES    = 
  CONFIG_HEADERS  = 
  CONFIG_LINKS    = 
  CONFIG_COMMANDS = 
  $ ./config.status 

on localhost.localdomain

config.status:1050: creating support-files/inly.pc
config.status:1050: creating Makefile
config.status:1050: creating src/libinly/Makefile
config.status:1050: creating src/inly_tool/Makefile
config.status:1050: creating inly_config.h
config.status:1324: executing depfiles commands
config.status:1324: executing libtool commands

## ---------------- ##
## Cache variables. ##
## ---------------- ##

ac_cv_build=x86_64-unknown-linux-gnu
ac_cv_c_compiler_gnu=yes
ac_cv_cxx_compiler_gnu=yes
ac_cv_env_CCC_set=
ac_cv_env_CCC_value=
ac_cv_env_CC_set=
ac_cv_env_CC_value=
ac_cv_env_CFLAGS_set=
ac_cv_env_CFLAGS_value=
ac_cv_env_CPPFLAGS_set=
ac_cv_env_CPPFLAGS_value=
ac_cv_env_CPP_set=
ac_cv_env_CPP_value=
ac_cv_env_CXXCPP_set=
ac_cv_env_CXXCPP_value=
ac_cv_env_CXXFLAGS_set=
ac_cv_env_CXXFLAGS_value=
ac_cv_env_CXX_set=
ac_cv_env_CXX_value=
ac_cv_env_LDFLAGS_set=
ac_cv_env_LDFLAGS_value=
ac_cv_env_LIBS_set=
ac_cv_env_LIBS_value=
ac_cv_env_build_alias_set=
ac_cv_env_build_alias_value=
ac_cv_env_host_alias_set=
ac_cv_env_host_alias_value=
ac_cv_env_target_alias_set=
ac_cv_env_target_alias_value=
ac_cv_header_dlfcn_h=yes
ac_cv_header_inttypes_h=yes
ac_cv_header_memory_h=yes
ac_cv_header_stdbool_h=yes
ac_cv_header_stdc=yes
ac_cv_header_stdint_h=yes
ac_cv_header_stdlib_h=yes
ac_cv_header_string_h=yes
ac_cv_header_strings_h=yes
ac_cv_header_sys_stat_h=yes
ac_cv_header_sys_types_h=yes
ac_cv_header_unistd_h=yes
ac_cv_host=x86_64-unknown-linux-gnu
ac_cv_objext=o
ac_cv_path_EGREP='/bin/grep -E'
ac_cv_path_FGREP='/bin/grep -F'
ac_cv_path_GREP=/bin/grep
ac_cv_path_SED=/bin/sed
ac_cv_path_install='/usr/bin/install -c'
ac_cv_path_mkdir=/bin/mkdir
ac_cv_prog_AWK=gawk
ac_cv_prog_CPP='gcc -E'
ac_cv_prog_CXXCPP='g++ -E'
ac_cv_prog_ac_ct_AR=ar
ac_cv_prog_ac_ct_CC=gcc
ac_cv_prog_ac_ct_CXX=g++
ac_cv_prog_ac_ct_OBJDUMP=objdump
ac_cv_prog_ac_ct_RANLIB=ranlib
ac_cv_prog_ac_ct_STRIP=strip
ac_cv_prog_cc_c89=
ac_cv_prog_cc_g=yes
ac_cv_prog_cxx_g=yes
ac_cv_prog_make_make_set=yes
ac_cv_type__Bool=yes
am_cv_CC_dependencies_compiler_type=gcc3
am_cv_CXX_dependencies_compiler_type=gcc3
lt_cv_deplibs_check_method=pass_all
lt_cv_file_magic_cmd='$MAGIC_CMD'
lt_cv_file_magic_test_file=
lt_cv_ld_reload_flag=-r
lt_cv_nm_interface='BSD nm'
lt_cv_objdir=.libs
lt_cv_path_LD=/usr/bin/ld
lt_cv_path_LDCXX='/usr/bin/ld -m elf_x86_64'
lt_cv_path_NM='/usr/bin/nm -B'
lt_cv_prog_compiler_c_o=yes
lt_cv_prog_compiler_c_o_CXX=yes
lt_cv_prog_compiler_pic_works=yes
lt_cv_prog_compiler_pic_works_CXX=yes
lt_cv_prog_compiler_rtti_exceptions=no
lt_cv_prog_compiler_static_works=no
lt_cv_prog_compiler_static_works_CXX=no
lt_cv_prog_gnu_ld=yes
lt_cv_prog_gnu_ldcxx=yes
lt_cv_sys_global_symbol_pipe='sed -n -e '\''s/^.*[	 ]\([ABCDGIRSTW][ABCDGIRSTW]*\)[	 ][	 ]*\([_A-Za-z][_A-Za-z0-9]*\)$/\1 \2 \2/p'\'''
lt_cv_sys_global_symbol_to_c_name_address='sed -n -e '\''s/^: \([^ ]*\) $/  {\"\1\", (void *) 0},/p'\'' -e '\''s/^[ABCDGIRSTW]* \([^ ]*\) \([^ ]*\)$/  {"\2", (void *) \&\2},/p'\'''
lt_cv_sys_global_symbol_to_c_name_address_lib_prefix='sed -n -e '\''s/^: \([^ ]*\) $/  {\"\1\", (void *) 0},/p'\'' -e '\''s/^[ABCDGIRSTW]* \([^ ]*\) \(lib[^ ]*\)$/  {"\2", (void *) \&\2},/p'\'' -e '\''s/^[ABCDGIRSTW]* \([^ ]*\) \([^ ]*\)$/  {"lib\2", (void *) \&\2},/p'\'''
lt_cv_sys_global_symbol_to_cdecl='sed -n -e '\''s/^T .* \(.*\)$/extern int \1();/p'\'' -e '\''s/^[ABCDGIRSTW]* .* \(.*\)$/extern char \1;/p'\'''
lt_cv_sys_max_cmd_len=1966080

## ----------------- ##
## Output variables. ##
## ----------------- ##

ACLOCAL='${SHELL} /usr/src/chenxd/github/inly/missing --run aclocal-1.11'
AMDEPBACKSLASH='\'
AMDEP_FALSE='#'
AMDEP_TRUE=''
AMTAR='${SHELL} /usr/src/chenxd/github/inly/missing --run tar'
AR='ar'
AUTOCONF='${SHELL} /usr/src/chenxd/github/inly/missing --run autoconf'
AUTOHEADER='${SHELL} /usr/src/chenxd/github/inly/missing --run autoheader'
AUTOMAKE='${SHELL} /usr/src/chenxd/github/inly/missing --run automake-1.11'
AWK='gawk'
CC='gcc'
CCDEPMODE='depmode=gcc3'
CFLAGS='-g -O2'
CPP='gcc -E'
CPPFLAGS=''
CXX='g++'
CXXCPP='g++ -E'
CXXDEPMODE='depmode=gcc3'
CXXFLAGS='-g -O2'
CYGPATH_W='echo'
DEFS='-DHAVE_CONFIG_H'
DEPDIR='.deps'
DSYMUTIL=''
DUMPBIN=''
ECHO_C=''
ECHO_N='-n'
ECHO_T=''
EGREP='/bin/grep -E'
EXEEXT=''
FGREP='/bin/grep -F'
GREP='/bin/grep'
INSTALL_DATA='${INSTALL} -m 644'
INSTALL_PROGRAM='${INSTALL}'
INSTALL_SCRIPT='${INSTALL}'
INSTALL_STRIP_PROGRAM='$(install_sh) -c -s'
LD='/usr/bin/ld -m elf_x86_64'
LDFLAGS=''
LIBOBJS=''
LIBS=''
LIBTOOL='$(SHELL) $(top_builddir)/libtool'
LIPO=''
LN_S='ln -s'
LTLIBOBJS=''
MAKEINFO='${SHELL} /usr/src/chenxd/github/inly/missing --run makeinfo'
MKDIR_P='/bin/mkdir -p'
NM='/usr/bin/nm -B'
NMEDIT=''
OBJDUMP='objdump'
OBJEXT='o'
OTOOL64=''
OTOOL=''
PACKAGE='inly'
PACKAGE_BUGREPORT='dano306@qq.com'
PACKAGE_NAME='inly'
PACKAGE_STRING='inly 1.0'
PACKAGE_TARNAME='inly'
PACKAGE_VERSION='1.0'
PATH_SEPARATOR=':'
RANLIB='ranlib'
SED='/bin/sed'
SET_MAKE=''
SHELL='/bin/sh'
STRIP='strip'
VERSION='1.0'
ac_ct_CC='gcc'
ac_ct_CXX='g++'
ac_ct_DUMPBIN=''
am__EXEEXT_FALSE=''
am__EXEEXT_TRUE='#'
am__fastdepCC_FALSE='#'
am__fastdepCC_TRUE=''
am__fastdepCXX_FALSE='#'
am__fastdepCXX_TRUE=''
am__include='include'
am__isrc=''
am__leading_dot='.'
am__quote=''
am__tar='${AMTAR} chof - "$$tardir"'
am__untar='${AMTAR} xf -'
bindir='${exec_prefix}/bin'
build='x86_64-unknown-linux-gnu'
build_alias=''
build_cpu='x86_64'
build_os='linux-gnu'
build_vendor='unknown'
datadir='${datarootdir}'
datarootdir='${prefix}/share'
docdir='${datarootdir}/doc/${PACKAGE_TARNAME}'
dvidir='${docdir}'
exec_prefix='${prefix}'
host='x86_64-unknown-linux-gnu'
host_alias=''
host_cpu='x86_64'
host_os='linux-gnu'
host_vendor='unknown'
htmldir='${docdir}'
includedir='${prefix}/include'
infodir='${datarootdir}/info'
install_sh='${SHELL} /usr/src/chenxd/github/inly/install-sh'
libdir='${exec_prefix}/lib'
libexecdir='${exec_prefix}/libexec'
localedir='${datarootdir}/locale'
localstatedir='${prefix}/var'
lt_ECHO='echo'
mandir='${datarootdir}/man'
mkdir_p='/bin/mkdir -p'
oldincludedir='/usr/include'
pdfdir='${docdir}'
prefix='/usr/local'
program_transform_name='s,x,x,'
psdir='${docdir}'
sbindir='${exec_prefix}/sbin'
sharedstatedir='${prefix}/com'
sysconfdir='${prefix}/etc'
target_alias=''

## ----------- ##
## confdefs.h. ##
## ----------- ##

#define PACKAGE_NAME "inly"
#define PACKAGE_TARNAME "inly"
#define PACKAGE_VERSION "1.0"
#define PACKAGE_STRING "inly 1.0"
#define PACKAGE_BUGREPORT "dano306@qq.com"
#define PACKAGE "inly"
#define VERSION "1.0"
#define STDC_HEADERS 1
#define HAVE_SYS_TYPES_H 1
#define HAVE_SYS_STAT_H 1
#define HAVE_STDLIB_H 1
#define HAVE_STRING_H 1
#define HAVE_MEMORY_H 1
#define HAVE_STRINGS_H 1
#define HAVE_INTTYPES_H 1
#define HAVE_STDINT_H 1
#define HAVE_UNISTD_H 1
#define HAVE_DLFCN_H 1
#define LT_OBJDIR ".libs/"
#define HAVE__BOOL 1
#define HAVE_STDBOOL_H 1

configure: exit 0
